c:\users\boobe\onedrive\desktop\school\advanced game engine programming\dbengine_repository2\dbengine\x64\debug\vc143.pdb
c:\users\boobe\onedrive\desktop\school\advanced game engine programming\dbengine_repository2\dbengine\x64\debug\vc143.idb
c:\users\boobe\onedrive\desktop\school\advanced game engine programming\dbengine_repository2\dbengine\x64\debug\stb_image.obj
c:\users\boobe\onedrive\desktop\school\advanced game engine programming\dbengine_repository2\dbengine\x64\debug\input.obj
c:\users\boobe\onedrive\desktop\school\advanced game engine programming\dbengine_repository2\dbengine\x64\debug\vertexarrayobject.obj
c:\users\boobe\onedrive\desktop\school\advanced game engine programming\dbengine_repository2\dbengine\x64\debug\texture.obj
c:\users\boobe\onedrive\desktop\school\advanced game engine programming\dbengine_repository2\dbengine\x64\debug\shaderprogram.obj
c:\users\boobe\onedrive\desktop\school\advanced game engine programming\dbengine_repository2\dbengine\x64\debug\model.obj
c:\users\boobe\onedrive\desktop\school\advanced game engine programming\dbengine_repository2\dbengine\x64\debug\mesh.obj
c:\users\boobe\onedrive\desktop\school\advanced game engine programming\dbengine_repository2\dbengine\x64\debug\material.obj
c:\users\boobe\onedrive\desktop\school\advanced game engine programming\dbengine_repository2\dbengine\x64\debug\graphicsengine.obj
c:\users\boobe\onedrive\desktop\school\advanced game engine programming\dbengine_repository2\dbengine\x64\debug\camera.obj
c:\users\boobe\onedrive\desktop\school\advanced game engine programming\dbengine_repository2\dbengine\x64\debug\game.obj
c:\users\boobe\onedrive\desktop\school\advanced game engine programming\dbengine_repository2\dbengine\x64\debug\source.obj
c:\users\boobe\onedrive\desktop\school\advanced game engine programming\dbengine_repository2\dbengine\x64\debug\collision.obj
c:\users\boobe\onedrive\desktop\school\advanced game engine programming\dbengine_repository2\dbengine\x64\debug\dbengine.ilk
c:\users\boobe\onedrive\desktop\school\advanced game engine programming\dbengine_repository2\x64\debug\dbengine.exe
c:\users\boobe\onedrive\desktop\school\advanced game engine programming\dbengine_repository2\x64\debug\dbengine.pdb
c:\users\boobe\onedrive\desktop\school\advanced game engine programming\dbengine_repository2\dbengine\x64\debug\dbengine.tlog\cl.command.1.tlog
c:\users\boobe\onedrive\desktop\school\advanced game engine programming\dbengine_repository2\dbengine\x64\debug\dbengine.tlog\cl.read.1.tlog
c:\users\boobe\onedrive\desktop\school\advanced game engine programming\dbengine_repository2\dbengine\x64\debug\dbengine.tlog\cl.write.1.tlog
c:\users\boobe\onedrive\desktop\school\advanced game engine programming\dbengine_repository2\dbengine\x64\debug\dbengine.tlog\link.command.1.tlog
c:\users\boobe\onedrive\desktop\school\advanced game engine programming\dbengine_repository2\dbengine\x64\debug\dbengine.tlog\link.read.1.tlog
c:\users\boobe\onedrive\desktop\school\advanced game engine programming\dbengine_repository2\dbengine\x64\debug\dbengine.tlog\link.write.1.tlog
